app/build/intermediates/manifest_merge_blame_file/debug/manifest-merger-blame-debug-report.txt
1<?xml version="1.0" encoding="utf-8"?>
2<manifest xmlns:android="http://schemas.android.com/apk/res/android"
3    package="com.example.hp.blogapp"
4    android:versionCode="1"
5    android:versionName="1.0" >
6
7    <uses-sdk
8        android:minSdkVersion="21"
8-->src\main\AndroidManifest.xml
9        android:targetSdkVersion="29" />
9-->src\main\AndroidManifest.xml
10
11    <uses-permission android:name="android.permission.INTERNET" />
11-->src\main\AndroidManifest.xml:5:5-67
11-->src\main\AndroidManifest.xml:5:22-64
12    <uses-permission android:name="android.permission.READ_EXTERNAL_STORAGE" />
12-->src\main\AndroidManifest.xml:6:5-80
12-->src\main\AndroidManifest.xml:6:22-77
13    <uses-permission android:name="android.permission.WRITE_EXTERNAL_STORAGE" />
13-->src\main\AndroidManifest.xml:7:5-81
13-->src\main\AndroidManifest.xml:7:22-78
14
15    <!-- Although the *SdkVersion is captured in gradle build files, this is required for non gradle builds -->
16    <!-- <uses-sdk android:minSdkVersion="14"/> -->
17    <uses-permission android:name="android.permission.ACCESS_NETWORK_STATE" />
17-->[com.google.firebase:firebase-database:19.3.1] AndroidManifest.xml:25:5-79
17-->[com.google.firebase:firebase-database:19.3.1] AndroidManifest.xml:25:22-76
18
19    <application
19-->src\main\AndroidManifest.xml:9:5-38:19
20        android:allowBackup="true"
20-->src\main\AndroidManifest.xml:10:9-35
21        android:appComponentFactory="androidx.core.app.CoreComponentFactory"
21-->[androidx.core:core:1.1.0] AndroidManifest.xml:24:18-86
22        android:debuggable="true"
23        android:icon="@mipmap/ic_launcher"
23-->src\main\AndroidManifest.xml:11:9-43
24        android:label="@string/app_name"
24-->src\main\AndroidManifest.xml:12:9-41
25        android:roundIcon="@mipmap/ic_launcher_round"
25-->src\main\AndroidManifest.xml:13:9-54
26        android:supportsRtl="true"
26-->src\main\AndroidManifest.xml:14:9-35
27        android:theme="@style/AppTheme" >
27-->src\main\AndroidManifest.xml:15:9-40
28        <activity
28-->src\main\AndroidManifest.xml:16:9-18:59
29            android:name="com.theartofdev.edmodo.cropper.CropImageActivity"
29-->src\main\AndroidManifest.xml:17:13-76
30            android:theme="@style/Base.Theme.AppCompat" />
30-->src\main\AndroidManifest.xml:18:13-56
31        <activity android:name="com.example.hp.blogapp.MainActivity" >
31-->src\main\AndroidManifest.xml:19:9-25:20
31-->src\main\AndroidManifest.xml:19:19-47
32            <intent-filter>
32-->src\main\AndroidManifest.xml:20:13-24:29
33                <action android:name="android.intent.action.MAIN" />
33-->src\main\AndroidManifest.xml:21:17-69
33-->src\main\AndroidManifest.xml:21:25-66
34
35                <category android:name="android.intent.category.LAUNCHER" />
35-->src\main\AndroidManifest.xml:23:17-77
35-->src\main\AndroidManifest.xml:23:27-74
36            </intent-filter>
37        </activity>
38        <activity android:name="com.example.hp.blogapp.Login" />
38-->src\main\AndroidManifest.xml:26:9-43
38-->src\main\AndroidManifest.xml:26:19-40
39
40        <meta-data
40-->src\main\AndroidManifest.xml:28:9-30:57
41            android:name="preloaded_fonts"
41-->src\main\AndroidManifest.xml:29:13-43
42            android:resource="@array/preloaded_fonts" />
42-->src\main\AndroidManifest.xml:30:13-54
43
44        <activity android:name="com.example.hp.blogapp.register" />
44-->src\main\AndroidManifest.xml:32:9-46
44-->src\main\AndroidManifest.xml:32:19-43
45        <activity android:name="com.example.hp.blogapp.AccounrSetup" />
45-->src\main\AndroidManifest.xml:33:9-50
45-->src\main\AndroidManifest.xml:33:19-47
46        <activity
46-->src\main\AndroidManifest.xml:34:9-36:58
47            android:name="com.example.hp.blogapp.NewPost"
47-->src\main\AndroidManifest.xml:35:13-36
48            android:parentActivityName="com.example.hp.blogapp.MainActivity" />
48-->src\main\AndroidManifest.xml:36:13-55
49        <activity
49-->src\main\AndroidManifest.xml:37:9-89
50            android:name="com.example.hp.blogapp.Comments"
50-->src\main\AndroidManifest.xml:37:19-43
51            android:parentActivityName="com.example.hp.blogapp.MainActivity" />
51-->src\main\AndroidManifest.xml:37:44-86
52        <activity
52-->[com.google.firebase:firebase-auth:19.3.2] AndroidManifest.xml:24:9-31:50
53            android:name="com.google.firebase.auth.internal.FederatedSignInActivity"
53-->[com.google.firebase:firebase-auth:19.3.2] AndroidManifest.xml:25:13-85
54            android:excludeFromRecents="true"
54-->[com.google.firebase:firebase-auth:19.3.2] AndroidManifest.xml:26:13-46
55            android:exported="true"
55-->[com.google.firebase:firebase-auth:19.3.2] AndroidManifest.xml:27:13-36
56            android:launchMode="singleTask"
56-->[com.google.firebase:firebase-auth:19.3.2] AndroidManifest.xml:28:13-44
57            android:permission="com.google.firebase.auth.api.gms.permission.LAUNCH_FEDERATED_SIGN_IN"
57-->[com.google.firebase:firebase-auth:19.3.2] AndroidManifest.xml:29:13-102
58            android:theme="@android:style/Theme.Translucent.NoTitleBar" />
58-->[com.google.firebase:firebase-auth:19.3.2] AndroidManifest.xml:30:13-72
59
60        <service
60-->[com.google.firebase:firebase-auth:19.3.2] AndroidManifest.xml:33:9-39:19
61            android:name="com.google.firebase.components.ComponentDiscoveryService"
61-->[com.google.firebase:firebase-auth:19.3.2] AndroidManifest.xml:34:13-84
62            android:directBootAware="true"
62-->[com.google.firebase:firebase-common:19.3.0] AndroidManifest.xml:34:13-43
63            android:exported="false" >
63-->[com.google.firebase:firebase-auth:19.3.2] AndroidManifest.xml:35:13-37
64            <meta-data
64-->[com.google.firebase:firebase-auth:19.3.2] AndroidManifest.xml:36:13-38:85
65                android:name="com.google.firebase.components:com.google.firebase.auth.FirebaseAuthRegistrar"
65-->[com.google.firebase:firebase-auth:19.3.2] AndroidManifest.xml:37:17-109
66                android:value="com.google.firebase.components.ComponentRegistrar" />
66-->[com.google.firebase:firebase-auth:19.3.2] AndroidManifest.xml:38:17-82
67            <meta-data
67-->[com.google.firebase:firebase-database:19.3.1] AndroidManifest.xml:32:13-34:85
68                android:name="com.google.firebase.components:com.google.firebase.database.DatabaseRegistrar"
68-->[com.google.firebase:firebase-database:19.3.1] AndroidManifest.xml:33:17-109
69                android:value="com.google.firebase.components.ComponentRegistrar" />
69-->[com.google.firebase:firebase-database:19.3.1] AndroidManifest.xml:34:17-82
70            <meta-data
70-->[com.google.firebase:firebase-storage:19.1.1] AndroidManifest.xml:33:13-35:85
71                android:name="com.google.firebase.components:com.google.firebase.storage.StorageRegistrar"
71-->[com.google.firebase:firebase-storage:19.1.1] AndroidManifest.xml:34:17-107
72                android:value="com.google.firebase.components.ComponentRegistrar" />
72-->[com.google.firebase:firebase-storage:19.1.1] AndroidManifest.xml:35:17-82
73            <meta-data
73-->[com.google.firebase:firebase-firestore:21.5.0] AndroidManifest.xml:20:13-22:85
74                android:name="com.google.firebase.components:com.google.firebase.firestore.FirestoreRegistrar"
74-->[com.google.firebase:firebase-firestore:21.5.0] AndroidManifest.xml:21:17-111
75                android:value="com.google.firebase.components.ComponentRegistrar" />
75-->[com.google.firebase:firebase-firestore:21.5.0] AndroidManifest.xml:22:17-82
76        </service>
77
78        <activity
78-->[com.google.android.gms:play-services-base:17.1.0] AndroidManifest.xml:23:9-26:75
79            android:name="com.google.android.gms.common.api.GoogleApiActivity"
79-->[com.google.android.gms:play-services-base:17.1.0] AndroidManifest.xml:24:13-79
80            android:exported="false"
80-->[com.google.android.gms:play-services-base:17.1.0] AndroidManifest.xml:25:13-37
81            android:theme="@android:style/Theme.Translucent.NoTitleBar" />
81-->[com.google.android.gms:play-services-base:17.1.0] AndroidManifest.xml:26:13-72
82
83        <provider
83-->[com.google.firebase:firebase-common:19.3.0] AndroidManifest.xml:26:9-30:39
84            android:name="com.google.firebase.provider.FirebaseInitProvider"
84-->[com.google.firebase:firebase-common:19.3.0] AndroidManifest.xml:27:13-77
85            android:authorities="com.example.hp.blogapp.firebaseinitprovider"
85-->[com.google.firebase:firebase-common:19.3.0] AndroidManifest.xml:28:13-72
86            android:exported="false"
86-->[com.google.firebase:firebase-common:19.3.0] AndroidManifest.xml:29:13-37
87            android:initOrder="100" />
87-->[com.google.firebase:firebase-common:19.3.0] AndroidManifest.xml:30:13-36
88
89        <meta-data
89-->[com.google.android.gms:play-services-basement:17.0.0] AndroidManifest.xml:23:9-25:69
90            android:name="com.google.android.gms.version"
90-->[com.google.android.gms:play-services-basement:17.0.0] AndroidManifest.xml:24:13-58
91            android:value="@integer/google_play_services_version" />
91-->[com.google.android.gms:play-services-basement:17.0.0] AndroidManifest.xml:25:13-66
92
93        <provider
93-->[androidx.lifecycle:lifecycle-process:2.2.0] AndroidManifest.xml:25:9-29:43
94            android:name="androidx.lifecycle.ProcessLifecycleOwnerInitializer"
94-->[androidx.lifecycle:lifecycle-process:2.2.0] AndroidManifest.xml:26:13-79
95            android:authorities="com.example.hp.blogapp.lifecycle-process"
95-->[androidx.lifecycle:lifecycle-process:2.2.0] AndroidManifest.xml:27:13-69
96            android:exported="false"
96-->[androidx.lifecycle:lifecycle-process:2.2.0] AndroidManifest.xml:28:13-37
97            android:multiprocess="true" />
97-->[androidx.lifecycle:lifecycle-process:2.2.0] AndroidManifest.xml:29:13-40
98    </application>
99
100</manifest>